# JRE version: Java(TM) SE Runtime Environment (8.0_77-b03) (build 1.8.0_77-b03)
# Java VM: Java HotSpot(TM) 64-Bit Server VM (25.77-b03 mixed mode linux-amd64 compressed oops)
Heap:
 PSYoungGen      total 653312K, used 558030K [0x00000000d6e00000, 0x0000000100000000, 0x0000000100000000)
  eden space 632832K, 87% used [0x00000000d6e00000,0x00000000f8d97850,0x00000000fd800000)
  from space 20480K, 6% used [0x00000000fec00000,0x00000000fed5c010,0x0000000100000000)
  to   space 20480K, 0% used [0x00000000fd800000,0x00000000fd800000,0x00000000fec00000)
 ParOldGen       total 84992K, used 45358K [0x0000000084a00000, 0x0000000089d00000, 0x00000000d6e00000)
  object space 84992K, 53% used [0x0000000084a00000,0x000000008764b978,0x0000000089d00000)
 Metaspace       used 20439K, capacity 20680K, committed 21120K, reserved 1069056K
  class space    used 2253K, capacity 2311K, committed 2432K, reserved 1048576K
GC Heap History (10 events):
Event: 8.429 GC heap before
{Heap before GC invocations=8 (full 0):
 PSYoungGen      total 150016K, used 130401K [0x00000000d6e00000, 0x00000000e9300000, 0x0000000100000000)
  eden space 126976K, 100% used [0x00000000d6e00000,0x00000000dea00000,0x00000000dea00000)
  from space 23040K, 14% used [0x00000000dea00000,0x00000000ded58710,0x00000000e0080000)
  to   space 23040K, 0% used [0x00000000e7c80000,0x00000000e7c80000,0x00000000e9300000)
 ParOldGen       total 84992K, used 36517K [0x0000000084a00000, 0x0000000089d00000, 0x00000000d6e00000)
  object space 84992K, 42% used [0x0000000084a00000,0x0000000086da95b8,0x0000000089d00000)
 Metaspace       used 17108K, capacity 17292K, committed 17536K, reserved 1064960K
  class space    used 1772K, capacity 1829K, committed 1920K, reserved 1048576K
Event: 8.443 GC heap after
Heap after GC invocations=8 (full 0):
 PSYoungGen      total 276992K, used 2658K [0x00000000d6e00000, 0x00000000e9300000, 0x0000000100000000)
  eden space 253952K, 0% used [0x00000000d6e00000,0x00000000d6e00000,0x00000000e6600000)
  from space 23040K, 11% used [0x00000000e7c80000,0x00000000e7f18a70,0x00000000e9300000)
  to   space 23040K, 0% used [0x00000000e6600000,0x00000000e6600000,0x00000000e7c80000)
 ParOldGen       total 84992K, used 38173K [0x0000000084a00000, 0x0000000089d00000, 0x00000000d6e00000)
  object space 84992K, 44% used [0x0000000084a00000,0x0000000086f475c8,0x0000000089d00000)
 Metaspace       used 17108K, capacity 17292K, committed 17536K, reserved 1064960K
  class space    used 1772K, capacity 1829K, committed 1920K, reserved 1048576K
}
Event: 9.641 GC heap before
{Heap before GC invocations=9 (full 0):
 PSYoungGen      total 276992K, used 256610K [0x00000000d6e00000, 0x00000000e9300000, 0x0000000100000000)
  eden space 253952K, 100% used [0x00000000d6e00000,0x00000000e6600000,0x00000000e6600000)
  from space 23040K, 11% used [0x00000000e7c80000,0x00000000e7f18a70,0x00000000e9300000)
  to   space 23040K, 0% used [0x00000000e6600000,0x00000000e6600000,0x00000000e7c80000)
 ParOldGen       total 84992K, used 38173K [0x0000000084a00000, 0x0000000089d00000, 0x00000000d6e00000)
  object space 84992K, 44% used [0x0000000084a00000,0x0000000086f475c8,0x0000000089d00000)
 Metaspace       used 17129K, capacity 17356K, committed 17792K, reserved 1064960K
  class space    used 1773K, capacity 1829K, committed 1920K, reserved 1048576K
Event: 9.652 GC heap after
Heap after GC invocations=9 (full 0):
 PSYoungGen      total 276992K, used 6890K [0x00000000d6e00000, 0x00000000f2600000, 0x0000000100000000)
  eden space 253952K, 0% used [0x00000000d6e00000,0x00000000d6e00000,0x00000000e6600000)
  from space 23040K, 29% used [0x00000000e6600000,0x00000000e6cba870,0x00000000e7c80000)
  to   space 22016K, 0% used [0x00000000f1080000,0x00000000f1080000,0x00000000f2600000)
 ParOldGen       total 84992K, used 38877K [0x0000000084a00000, 0x0000000089d00000, 0x00000000d6e00000)
  object space 84992K, 45% used [0x0000000084a00000,0x0000000086ff75c8,0x0000000089d00000)
 Metaspace       used 17129K, capacity 17356K, committed 17792K, reserved 1064960K
  class space    used 1773K, capacity 1829K, committed 1920K, reserved 1048576K
}
Event: 10.432 GC heap before
{Heap before GC invocations=10 (full 0):
 PSYoungGen      total 276992K, used 260842K [0x00000000d6e00000, 0x00000000f2600000, 0x0000000100000000)
  eden space 253952K, 100% used [0x00000000d6e00000,0x00000000e6600000,0x00000000e6600000)
  from space 23040K, 29% used [0x00000000e6600000,0x00000000e6cba870,0x00000000e7c80000)
  to   space 22016K, 0% used [0x00000000f1080000,0x00000000f1080000,0x00000000f2600000)
 ParOldGen       total 84992K, used 38877K [0x0000000084a00000, 0x0000000089d00000, 0x00000000d6e00000)
  object space 84992K, 45% used [0x0000000084a00000,0x0000000086ff75c8,0x0000000089d00000)
 Metaspace       used 17140K, capacity 17356K, committed 17792K, reserved 1064960K
  class space    used 1773K, capacity 1829K, committed 1920K, reserved 1048576K
Event: 10.442 GC heap after
Heap after GC invocations=10 (full 0):
 PSYoungGen      total 425472K, used 7353K [0x00000000d6e00000, 0x00000000f2300000, 0x0000000100000000)
  eden space 406528K, 0% used [0x00000000d6e00000,0x00000000d6e00000,0x00000000efb00000)
  from space 18944K, 38% used [0x00000000f1080000,0x00000000f17ae720,0x00000000f2300000)
  to   space 20480K, 0% used [0x00000000efb00000,0x00000000efb00000,0x00000000f0f00000)
 ParOldGen       total 84992K, used 40245K [0x0000000084a00000, 0x0000000089d00000, 0x00000000d6e00000)
  object space 84992K, 47% used [0x0000000084a00000,0x000000008714d5c8,0x0000000089d00000)
 Metaspace       used 17140K, capacity 17356K, committed 17792K, reserved 1064960K
  class space    used 1773K, capacity 1829K, committed 1920K, reserved 1048576K
}
Event: 41.859 GC heap before
{Heap before GC invocations=11 (full 0):
 PSYoungGen      total 425472K, used 413881K [0x00000000d6e00000, 0x00000000f2300000, 0x0000000100000000)
  eden space 406528K, 100% used [0x00000000d6e00000,0x00000000efb00000,0x00000000efb00000)
  from space 18944K, 38% used [0x00000000f1080000,0x00000000f17ae720,0x00000000f2300000)
  to   space 20480K, 0% used [0x00000000efb00000,0x00000000efb00000,0x00000000f0f00000)
 ParOldGen       total 84992K, used 40245K [0x0000000084a00000, 0x0000000089d00000, 0x00000000d6e00000)
  object space 84992K, 47% used [0x0000000084a00000,0x000000008714d5c8,0x0000000089d00000)
 Metaspace       used 20390K, capacity 20616K, committed 20864K, reserved 1067008K
  class space    used 2251K, capacity 2311K, committed 2432K, reserved 1048576K
Event: 41.870 GC heap after
Heap after GC invocations=11 (full 0):
 PSYoungGen      total 427008K, used 2951K [0x00000000d6e00000, 0x0000000100000000, 0x0000000100000000)
  eden space 406528K, 0% used [0x00000000d6e00000,0x00000000d6e00000,0x00000000efb00000)
  from space 20480K, 14% used [0x00000000efb00000,0x00000000efde1f88,0x00000000f0f00000)
  to   space 20480K, 0% used [0x00000000fec00000,0x00000000fec00000,0x0000000100000000)
 ParOldGen       total 84992K, used 43558K [0x0000000084a00000, 0x0000000089d00000, 0x00000000d6e00000)
  object space 84992K, 51% used [0x0000000084a00000,0x0000000087489900,0x0000000089d00000)
 Metaspace       used 20390K, capacity 20616K, committed 20864K, reserved 1067008K
  class space    used 2251K, capacity 2311K, committed 2432K, reserved 1048576K
}
Event: 59.984 GC heap before
{Heap before GC invocations=12 (full 0):
 PSYoungGen      total 427008K, used 409472K [0x00000000d6e00000, 0x0000000100000000, 0x0000000100000000)
  eden space 406528K, 99% used [0x00000000d6e00000,0x00000000efafe228,0x00000000efb00000)
  from space 20480K, 14% used [0x00000000efb00000,0x00000000efde1f88,0x00000000f0f00000)
  to   space 20480K, 0% used [0x00000000fec00000,0x00000000fec00000,0x0000000100000000)
 ParOldGen       total 84992K, used 43558K [0x0000000084a00000, 0x0000000089d00000, 0x00000000d6e00000)
  object space 84992K, 51% used [0x0000000084a00000,0x0000000087489900,0x0000000089d00000)
 Metaspace       used 20394K, capacity 20616K, committed 20864K, reserved 1067008K
  class space    used 2251K, capacity 2311K, committed 2432K, reserved 1048576K
Event: 59.992 GC heap after
Heap after GC invocations=12 (full 0):
 PSYoungGen      total 653312K, used 1392K [0x00000000d6e00000, 0x0000000100000000, 0x0000000100000000)
  eden space 632832K, 0% used [0x00000000d6e00000,0x00000000d6e00000,0x00000000fd800000)
  from space 20480K, 6% used [0x00000000fec00000,0x00000000fed5c010,0x0000000100000000)
  to   space 20480K, 0% used [0x00000000fd800000,0x00000000fd800000,0x00000000fec00000)
 ParOldGen       total 84992K, used 45358K [0x0000000084a00000, 0x0000000089d00000, 0x00000000d6e00000)
  object space 84992K, 53% used [0x0000000084a00000,0x000000008764b978,0x0000000089d00000)
 Metaspace       used 20394K, capacity 20616K, committed 20864K, reserved 1067008K
  class space    used 2251K, capacity 2311K, committed 2432K, reserved 1048576K
}

