# JRE version: Java(TM) SE Runtime Environment (8.0_77-b03) (build 1.8.0_77-b03)
# Java VM: Java HotSpot(TM) 64-Bit Server VM (25.77-b03 mixed mode linux-amd64 compressed oops)
Heap:
 PSYoungGen      total 653312K, used 541192K [0x00000000d6e00000, 0x0000000100000000, 0x0000000100000000)
  eden space 632832K, 85% used [0x00000000d6e00000,0x00000000f7d2a0d8,0x00000000fd800000)
  from space 20480K, 6% used [0x00000000fec00000,0x00000000fed58000,0x0000000100000000)
  to   space 20480K, 0% used [0x00000000fd800000,0x00000000fd800000,0x00000000fec00000)
 ParOldGen       total 84992K, used 45499K [0x0000000084a00000, 0x0000000089d00000, 0x00000000d6e00000)
  object space 84992K, 53% used [0x0000000084a00000,0x000000008766ec20,0x0000000089d00000)
 Metaspace       used 20387K, capacity 20616K, committed 20864K, reserved 1067008K
  class space    used 2253K, capacity 2311K, committed 2432K, reserved 1048576K
GC Heap History (10 events):
Event: 6.321 GC heap before
{Heap before GC invocations=8 (full 0):
 PSYoungGen      total 150016K, used 130641K [0x00000000d6e00000, 0x00000000e9300000, 0x0000000100000000)
  eden space 126976K, 100% used [0x00000000d6e00000,0x00000000dea00000,0x00000000dea00000)
  from space 23040K, 15% used [0x00000000dea00000,0x00000000ded94720,0x00000000e0080000)
  to   space 23040K, 0% used [0x00000000e7c80000,0x00000000e7c80000,0x00000000e9300000)
 ParOldGen       total 84992K, used 36400K [0x0000000084a00000, 0x0000000089d00000, 0x00000000d6e00000)
  object space 84992K, 42% used [0x0000000084a00000,0x0000000086d8c080,0x0000000089d00000)
 Metaspace       used 17106K, capacity 17236K, committed 17536K, reserved 1064960K
  class space    used 1774K, capacity 1829K, committed 1920K, reserved 1048576K
Event: 6.340 GC heap after
Heap after GC invocations=8 (full 0):
 PSYoungGen      total 276992K, used 2338K [0x00000000d6e00000, 0x00000000e9300000, 0x0000000100000000)
  eden space 253952K, 0% used [0x00000000d6e00000,0x00000000d6e00000,0x00000000e6600000)
  from space 23040K, 10% used [0x00000000e7c80000,0x00000000e7ec8a70,0x00000000e9300000)
  to   space 23040K, 0% used [0x00000000e6600000,0x00000000e6600000,0x00000000e7c80000)
 ParOldGen       total 84992K, used 38448K [0x0000000084a00000, 0x0000000089d00000, 0x00000000d6e00000)
  object space 84992K, 45% used [0x0000000084a00000,0x0000000086f8c090,0x0000000089d00000)
 Metaspace       used 17106K, capacity 17236K, committed 17536K, reserved 1064960K
  class space    used 1774K, capacity 1829K, committed 1920K, reserved 1048576K
}
Event: 7.366 GC heap before
{Heap before GC invocations=9 (full 0):
 PSYoungGen      total 276992K, used 256290K [0x00000000d6e00000, 0x00000000e9300000, 0x0000000100000000)
  eden space 253952K, 100% used [0x00000000d6e00000,0x00000000e6600000,0x00000000e6600000)
  from space 23040K, 10% used [0x00000000e7c80000,0x00000000e7ec8a70,0x00000000e9300000)
  to   space 23040K, 0% used [0x00000000e6600000,0x00000000e6600000,0x00000000e7c80000)
 ParOldGen       total 84992K, used 38448K [0x0000000084a00000, 0x0000000089d00000, 0x00000000d6e00000)
  object space 84992K, 45% used [0x0000000084a00000,0x0000000086f8c090,0x0000000089d00000)
 Metaspace       used 17150K, capacity 17364K, committed 17792K, reserved 1064960K
  class space    used 1775K, capacity 1829K, committed 1920K, reserved 1048576K
Event: 7.377 GC heap after
Heap after GC invocations=9 (full 0):
 PSYoungGen      total 276992K, used 6890K [0x00000000d6e00000, 0x00000000f2600000, 0x0000000100000000)
  eden space 253952K, 0% used [0x00000000d6e00000,0x00000000d6e00000,0x00000000e6600000)
  from space 23040K, 29% used [0x00000000e6600000,0x00000000e6cba850,0x00000000e7c80000)
  to   space 22016K, 0% used [0x00000000f1080000,0x00000000f1080000,0x00000000f2600000)
 ParOldGen       total 84992K, used 38936K [0x0000000084a00000, 0x0000000089d00000, 0x00000000d6e00000)
  object space 84992K, 45% used [0x0000000084a00000,0x0000000087006090,0x0000000089d00000)
 Metaspace       used 17150K, capacity 17364K, committed 17792K, reserved 1064960K
  class space    used 1775K, capacity 1829K, committed 1920K, reserved 1048576K
}
Event: 8.032 GC heap before
{Heap before GC invocations=10 (full 0):
 PSYoungGen      total 276992K, used 260842K [0x00000000d6e00000, 0x00000000f2600000, 0x0000000100000000)
  eden space 253952K, 100% used [0x00000000d6e00000,0x00000000e6600000,0x00000000e6600000)
  from space 23040K, 29% used [0x00000000e6600000,0x00000000e6cba850,0x00000000e7c80000)
  to   space 22016K, 0% used [0x00000000f1080000,0x00000000f1080000,0x00000000f2600000)
 ParOldGen       total 84992K, used 38936K [0x0000000084a00000, 0x0000000089d00000, 0x00000000d6e00000)
  object space 84992K, 45% used [0x0000000084a00000,0x0000000087006090,0x0000000089d00000)
 Metaspace       used 17150K, capacity 17364K, committed 17792K, reserved 1064960K
  class space    used 1775K, capacity 1829K, committed 1920K, reserved 1048576K
Event: 8.048 GC heap after
Heap after GC invocations=10 (full 0):
 PSYoungGen      total 425472K, used 7353K [0x00000000d6e00000, 0x00000000f2300000, 0x0000000100000000)
  eden space 406528K, 0% used [0x00000000d6e00000,0x00000000d6e00000,0x00000000efb00000)
  from space 18944K, 38% used [0x00000000f1080000,0x00000000f17ae720,0x00000000f2300000)
  to   space 20480K, 0% used [0x00000000efb00000,0x00000000efb00000,0x00000000f0f00000)
 ParOldGen       total 84992K, used 40320K [0x0000000084a00000, 0x0000000089d00000, 0x00000000d6e00000)
  object space 84992K, 47% used [0x0000000084a00000,0x00000000871600a0,0x0000000089d00000)
 Metaspace       used 17150K, capacity 17364K, committed 17792K, reserved 1064960K
  class space    used 1775K, capacity 1829K, committed 1920K, reserved 1048576K
}
Event: 33.837 GC heap before
{Heap before GC invocations=11 (full 0):
 PSYoungGen      total 425472K, used 413881K [0x00000000d6e00000, 0x00000000f2300000, 0x0000000100000000)
  eden space 406528K, 100% used [0x00000000d6e00000,0x00000000efb00000,0x00000000efb00000)
  from space 18944K, 38% used [0x00000000f1080000,0x00000000f17ae720,0x00000000f2300000)
  to   space 20480K, 0% used [0x00000000efb00000,0x00000000efb00000,0x00000000f0f00000)
 ParOldGen       total 84992K, used 40320K [0x0000000084a00000, 0x0000000089d00000, 0x00000000d6e00000)
  object space 84992K, 47% used [0x0000000084a00000,0x00000000871600a0,0x0000000089d00000)
 Metaspace       used 20308K, capacity 20552K, committed 20864K, reserved 1067008K
  class space    used 2251K, capacity 2311K, committed 2432K, reserved 1048576K
Event: 33.850 GC heap after
Heap after GC invocations=11 (full 0):
 PSYoungGen      total 427008K, used 3040K [0x00000000d6e00000, 0x0000000100000000, 0x0000000100000000)
  eden space 406528K, 0% used [0x00000000d6e00000,0x00000000d6e00000,0x00000000efb00000)
  from space 20480K, 14% used [0x00000000efb00000,0x00000000efdf8398,0x00000000f0f00000)
  to   space 20480K, 0% used [0x00000000fec00000,0x00000000fec00000,0x0000000100000000)
 ParOldGen       total 84992K, used 43632K [0x0000000084a00000, 0x0000000089d00000, 0x00000000d6e00000)
  object space 84992K, 51% used [0x0000000084a00000,0x000000008749c3c8,0x0000000089d00000)
 Metaspace       used 20308K, capacity 20552K, committed 20864K, reserved 1067008K
  class space    used 2251K, capacity 2311K, committed 2432K, reserved 1048576K
}
Event: 49.501 GC heap before
{Heap before GC invocations=12 (full 0):
 PSYoungGen      total 427008K, used 409568K [0x00000000d6e00000, 0x0000000100000000, 0x0000000100000000)
  eden space 406528K, 100% used [0x00000000d6e00000,0x00000000efb00000,0x00000000efb00000)
  from space 20480K, 14% used [0x00000000efb00000,0x00000000efdf8398,0x00000000f0f00000)
  to   space 20480K, 0% used [0x00000000fec00000,0x00000000fec00000,0x0000000100000000)
 ParOldGen       total 84992K, used 43632K [0x0000000084a00000, 0x0000000089d00000, 0x00000000d6e00000)
  object space 84992K, 51% used [0x0000000084a00000,0x000000008749c3c8,0x0000000089d00000)
 Metaspace       used 20341K, capacity 20552K, committed 20864K, reserved 1067008K
  class space    used 2251K, capacity 2311K, committed 2432K, reserved 1048576K
Event: 49.514 GC heap after
Heap after GC invocations=12 (full 0):
 PSYoungGen      total 653312K, used 1376K [0x00000000d6e00000, 0x0000000100000000, 0x0000000100000000)
  eden space 632832K, 0% used [0x00000000d6e00000,0x00000000d6e00000,0x00000000fd800000)
  from space 20480K, 6% used [0x00000000fec00000,0x00000000fed58000,0x0000000100000000)
  to   space 20480K, 0% used [0x00000000fd800000,0x00000000fd800000,0x00000000fec00000)
 ParOldGen       total 84992K, used 45499K [0x0000000084a00000, 0x0000000089d00000, 0x00000000d6e00000)
  object space 84992K, 53% used [0x0000000084a00000,0x000000008766ec20,0x0000000089d00000)
 Metaspace       used 20341K, capacity 20552K, committed 20864K, reserved 1067008K
  class space    used 2251K, capacity 2311K, committed 2432K, reserved 1048576K
}

