# JRE version: Java(TM) SE Runtime Environment (8.0_92-b14) (build 1.8.0_92-b14)
# Java VM: Java HotSpot(TM) 64-Bit Server VM (25.92-b14 mixed mode linux-amd64 compressed oops)
Heap:
 PSYoungGen      total 651264K, used 473545K [0x00000000d6e00000, 0x00000000ffe80000, 0x0000000100000000)
  eden space 631296K, 74% used [0x00000000d6e00000,0x00000000f3b12738,0x00000000fd680000)
  from space 19968K, 7% used [0x00000000feb00000,0x00000000fec60000,0x00000000ffe80000)
  to   space 20480K, 0% used [0x00000000fd680000,0x00000000fd680000,0x00000000fea80000)
 ParOldGen       total 84992K, used 43613K [0x0000000084a00000, 0x0000000089d00000, 0x00000000d6e00000)
  object space 84992K, 51% used [0x0000000084a00000,0x00000000874975e8,0x0000000089d00000)
 Metaspace       used 20021K, capacity 20224K, committed 20608K, reserved 1067008K
  class space    used 2254K, capacity 2311K, committed 2432K, reserved 1048576K
GC Heap History (10 events):
Event: 5.237 GC heap before
{Heap before GC invocations=8 (full 0):
 PSYoungGen      total 150016K, used 129725K [0x00000000d6e00000, 0x00000000e9300000, 0x0000000100000000)
  eden space 126976K, 100% used [0x00000000d6e00000,0x00000000dea00000,0x00000000dea00000)
  from space 23040K, 11% used [0x00000000dea00000,0x00000000decaf790,0x00000000e0080000)
  to   space 23040K, 0% used [0x00000000e7c80000,0x00000000e7c80000,0x00000000e9300000)
 ParOldGen       total 84992K, used 36270K [0x0000000084a00000, 0x0000000089d00000, 0x00000000d6e00000)
  object space 84992K, 42% used [0x0000000084a00000,0x0000000086d6ba40,0x0000000089d00000)
 Metaspace       used 16959K, capacity 17132K, committed 17536K, reserved 1064960K
  class space    used 1779K, capacity 1861K, committed 1920K, reserved 1048576K
Event: 5.244 GC heap after
Heap after GC invocations=8 (full 0):
 PSYoungGen      total 276992K, used 1396K [0x00000000d6e00000, 0x00000000e9300000, 0x0000000100000000)
  eden space 253952K, 0% used [0x00000000d6e00000,0x00000000d6e00000,0x00000000e6600000)
  from space 23040K, 6% used [0x00000000e7c80000,0x00000000e7ddd318,0x00000000e9300000)
  to   space 23040K, 0% used [0x00000000e6600000,0x00000000e6600000,0x00000000e7c80000)
 ParOldGen       total 84992K, used 37950K [0x0000000084a00000, 0x0000000089d00000, 0x00000000d6e00000)
  object space 84992K, 44% used [0x0000000084a00000,0x0000000086f0fa60,0x0000000089d00000)
 Metaspace       used 16959K, capacity 17132K, committed 17536K, reserved 1064960K
  class space    used 1779K, capacity 1861K, committed 1920K, reserved 1048576K
}
Event: 6.143 GC heap before
{Heap before GC invocations=9 (full 0):
 PSYoungGen      total 276992K, used 255348K [0x00000000d6e00000, 0x00000000e9300000, 0x0000000100000000)
  eden space 253952K, 100% used [0x00000000d6e00000,0x00000000e6600000,0x00000000e6600000)
  from space 23040K, 6% used [0x00000000e7c80000,0x00000000e7ddd318,0x00000000e9300000)
  to   space 23040K, 0% used [0x00000000e6600000,0x00000000e6600000,0x00000000e7c80000)
 ParOldGen       total 84992K, used 37950K [0x0000000084a00000, 0x0000000089d00000, 0x00000000d6e00000)
  object space 84992K, 44% used [0x0000000084a00000,0x0000000086f0fa60,0x0000000089d00000)
 Metaspace       used 16978K, capacity 17132K, committed 17536K, reserved 1064960K
  class space    used 1779K, capacity 1861K, committed 1920K, reserved 1048576K
Event: 6.153 GC heap after
Heap after GC invocations=9 (full 0):
 PSYoungGen      total 276992K, used 5133K [0x00000000d6e00000, 0x00000000f2600000, 0x0000000100000000)
  eden space 253952K, 0% used [0x00000000d6e00000,0x00000000d6e00000,0x00000000e6600000)
  from space 23040K, 22% used [0x00000000e6600000,0x00000000e6b03590,0x00000000e7c80000)
  to   space 22016K, 0% used [0x00000000f1080000,0x00000000f1080000,0x00000000f2600000)
 ParOldGen       total 84992K, used 38314K [0x0000000084a00000, 0x0000000089d00000, 0x00000000d6e00000)
  object space 84992K, 45% used [0x0000000084a00000,0x0000000086f6a8e0,0x0000000089d00000)
 Metaspace       used 16978K, capacity 17132K, committed 17536K, reserved 1064960K
  class space    used 1779K, capacity 1861K, committed 1920K, reserved 1048576K
}
Event: 6.867 GC heap before
{Heap before GC invocations=10 (full 0):
 PSYoungGen      total 276992K, used 259085K [0x00000000d6e00000, 0x00000000f2600000, 0x0000000100000000)
  eden space 253952K, 100% used [0x00000000d6e00000,0x00000000e6600000,0x00000000e6600000)
  from space 23040K, 22% used [0x00000000e6600000,0x00000000e6b03590,0x00000000e7c80000)
  to   space 22016K, 0% used [0x00000000f1080000,0x00000000f1080000,0x00000000f2600000)
 ParOldGen       total 84992K, used 38314K [0x0000000084a00000, 0x0000000089d00000, 0x00000000d6e00000)
  object space 84992K, 45% used [0x0000000084a00000,0x0000000086f6a8e0,0x0000000089d00000)
 Metaspace       used 16978K, capacity 17132K, committed 17536K, reserved 1064960K
  class space    used 1779K, capacity 1861K, committed 1920K, reserved 1048576K
Event: 6.875 GC heap after
Heap after GC invocations=10 (full 0):
 PSYoungGen      total 427520K, used 5241K [0x00000000d6e00000, 0x00000000f2500000, 0x0000000100000000)
  eden space 406528K, 0% used [0x00000000d6e00000,0x00000000d6e00000,0x00000000efb00000)
  from space 20992K, 24% used [0x00000000f1080000,0x00000000f159e408,0x00000000f2500000)
  to   space 21504K, 0% used [0x00000000efb00000,0x00000000efb00000,0x00000000f1000000)
 ParOldGen       total 84992K, used 39102K [0x0000000084a00000, 0x0000000089d00000, 0x00000000d6e00000)
  object space 84992K, 46% used [0x0000000084a00000,0x000000008702fbf8,0x0000000089d00000)
 Metaspace       used 16978K, capacity 17132K, committed 17536K, reserved 1064960K
  class space    used 1779K, capacity 1861K, committed 1920K, reserved 1048576K
}
Event: 22.818 GC heap before
{Heap before GC invocations=11 (full 0):
 PSYoungGen      total 427520K, used 411769K [0x00000000d6e00000, 0x00000000f2500000, 0x0000000100000000)
  eden space 406528K, 100% used [0x00000000d6e00000,0x00000000efb00000,0x00000000efb00000)
  from space 20992K, 24% used [0x00000000f1080000,0x00000000f159e408,0x00000000f2500000)
  to   space 21504K, 0% used [0x00000000efb00000,0x00000000efb00000,0x00000000f1000000)
 ParOldGen       total 84992K, used 39102K [0x0000000084a00000, 0x0000000089d00000, 0x00000000d6e00000)
  object space 84992K, 46% used [0x0000000084a00000,0x000000008702fbf8,0x0000000089d00000)
 Metaspace       used 20003K, capacity 20224K, committed 20608K, reserved 1067008K
  class space    used 2252K, capacity 2311K, committed 2432K, reserved 1048576K
Event: 22.829 GC heap after
Heap after GC invocations=11 (full 0):
 PSYoungGen      total 428032K, used 2890K [0x00000000d6e00000, 0x00000000fff80000, 0x0000000100000000)
  eden space 406528K, 0% used [0x00000000d6e00000,0x00000000d6e00000,0x00000000efb00000)
  from space 21504K, 13% used [0x00000000efb00000,0x00000000efdd2be8,0x00000000f1000000)
  to   space 20992K, 0% used [0x00000000feb00000,0x00000000feb00000,0x00000000fff80000)
 ParOldGen       total 84992K, used 41755K [0x0000000084a00000, 0x0000000089d00000, 0x00000000d6e00000)
  object space 84992K, 49% used [0x0000000084a00000,0x00000000872c6f80,0x0000000089d00000)
 Metaspace       used 20003K, capacity 20224K, committed 20608K, reserved 1067008K
  class space    used 2252K, capacity 2311K, committed 2432K, reserved 1048576K
}
Event: 39.791 GC heap before
{Heap before GC invocations=12 (full 0):
 PSYoungGen      total 428032K, used 409418K [0x00000000d6e00000, 0x00000000fff80000, 0x0000000100000000)
  eden space 406528K, 100% used [0x00000000d6e00000,0x00000000efb00000,0x00000000efb00000)
  from space 21504K, 13% used [0x00000000efb00000,0x00000000efdd2be8,0x00000000f1000000)
  to   space 20992K, 0% used [0x00000000feb00000,0x00000000feb00000,0x00000000fff80000)
 ParOldGen       total 84992K, used 41755K [0x0000000084a00000, 0x0000000089d00000, 0x00000000d6e00000)
  object space 84992K, 49% used [0x0000000084a00000,0x00000000872c6f80,0x0000000089d00000)
 Metaspace       used 20006K, capacity 20224K, committed 20608K, reserved 1067008K
  class space    used 2252K, capacity 2311K, committed 2432K, reserved 1048576K
Event: 39.808 GC heap after
Heap after GC invocations=12 (full 0):
 PSYoungGen      total 651264K, used 1408K [0x00000000d6e00000, 0x00000000ffe80000, 0x0000000100000000)
  eden space 631296K, 0% used [0x00000000d6e00000,0x00000000d6e00000,0x00000000fd680000)
  from space 19968K, 7% used [0x00000000feb00000,0x00000000fec60000,0x00000000ffe80000)
  to   space 20480K, 0% used [0x00000000fd680000,0x00000000fd680000,0x00000000fea80000)
 ParOldGen       total 84992K, used 43613K [0x0000000084a00000, 0x0000000089d00000, 0x00000000d6e00000)
  object space 84992K, 51% used [0x0000000084a00000,0x00000000874975e8,0x0000000089d00000)
 Metaspace       used 20006K, capacity 20224K, committed 20608K, reserved 1067008K
  class space    used 2252K, capacity 2311K, committed 2432K, reserved 1048576K
}

